<?xml version="1.0" encoding="UTF-8"?>
<!-- Generated by org.testng.reporters.JUnitReportReporter -->
<testsuite hostname="SRINIVAS-G2005" failures="0" tests="1" name="tutorialsPoint.SingleSelectDropDown" time="0.695" errors="0" timestamp="2025-04-18T20:49:35 IST" skipped="0">
  <testcase classname="tutorialsPoint.SingleSelectDropDown" name="selectOneDropDown" time="0.695"/>
</testsuite> <!-- tutorialsPoint.SingleSelectDropDown -->
