<?xml version="1.0" encoding="UTF-8"?>
<!-- Generated by org.testng.reporters.JUnitReportReporter -->
<testsuite hostname="SRINIVAS-G2005" failures="0" tests="1" name="GoogleChrome.Handling_SuggestedDropDown" time="1.599" errors="0" timestamp="2025-03-22T19:04:36 IST" skipped="0">
  <testcase classname="GoogleChrome.Handling_SuggestedDropDown" name="suggestedDropDown" time="1.599"/>
</testsuite> <!-- GoogleChrome.Handling_SuggestedDropDown -->
