<?xml version="1.0" encoding="UTF-8"?>
<!-- Generated by org.testng.reporters.JUnitReportReporter -->
<testsuite hostname="SRINIVAS-G2005" failures="0" tests="1" name="globlasQA.HandlingDropDown" time="5.164" errors="0" timestamp="2025-03-18T21:35:38 IST" skipped="0">
  <testcase classname="globlasQA.HandlingDropDown" name="countryDropDown" time="5.164"/>
</testsuite> <!-- globlasQA.HandlingDropDown -->
