<?xml version="1.0" encoding="UTF-8"?>
<!-- Generated by org.testng.reporters.JUnitReportReporter -->
<testsuite hostname="SRINIVAS-G2005" failures="0" tests="2" name="orangeHRM.HandlingHidden_DropDown" time="12.660" errors="0" timestamp="2025-03-22T18:52:50 IST" skipped="0">
  <testcase classname="orangeHRM.HandlingHidden_DropDown" name="selectOneOption" time="8.896"/>
  <testcase classname="orangeHRM.HandlingHidden_DropDown" name="accessAllElements" time="3.764"/>
</testsuite> <!-- orangeHRM.HandlingHidden_DropDown -->
