<?xml version="1.0" encoding="UTF-8"?>
<!-- Generated by org.testng.reporters.JUnitReportReporter -->
<testsuite hostname="SRINIVAS-G2005" failures="0" tests="1" name="jQueryAZ.HandlingBoostrapDropDown" time="1.028" errors="0" timestamp="2025-03-18T22:56:01 IST" skipped="0">
  <testcase classname="jQueryAZ.HandlingBoostrapDropDown" name="countryDropDown" time="1.028"/>
</testsuite> <!-- jQueryAZ.HandlingBoostrapDropDown -->
